mode: set
github.com/Mishamba/EPAM_GOLANG_COURSE/FifthTask/my_str_to_num/first_solution/myStrToNum.go:16.86,19.16 2 1
github.com/Mishamba/EPAM_GOLANG_COURSE/FifthTask/my_str_to_num/first_solution/myStrToNum.go:23.2,30.16 7 1
github.com/Mishamba/EPAM_GOLANG_COURSE/FifthTask/my_str_to_num/first_solution/myStrToNum.go:34.2,38.16 3 1
github.com/Mishamba/EPAM_GOLANG_COURSE/FifthTask/my_str_to_num/first_solution/myStrToNum.go:19.16,21.3 1 1
github.com/Mishamba/EPAM_GOLANG_COURSE/FifthTask/my_str_to_num/first_solution/myStrToNum.go:30.16,32.3 1 1
github.com/Mishamba/EPAM_GOLANG_COURSE/FifthTask/my_str_to_num/first_solution/myStrToNum.go:39.16,40.3 1 1
github.com/Mishamba/EPAM_GOLANG_COURSE/FifthTask/my_str_to_num/first_solution/myStrToNum.go:44.13,45.3 1 1
github.com/Mishamba/EPAM_GOLANG_COURSE/FifthTask/my_str_to_num/first_solution/myStrToNum.go:49.15,50.3 1 1
github.com/Mishamba/EPAM_GOLANG_COURSE/FifthTask/my_str_to_num/first_solution/myStrToNum.go:54.21,55.3 1 1
github.com/Mishamba/EPAM_GOLANG_COURSE/FifthTask/my_str_to_num/first_solution/myStrToNum.go:59.10,60.46 1 1
github.com/Mishamba/EPAM_GOLANG_COURSE/FifthTask/my_str_to_num/first_solution/myStrToNum.go:40.3,42.4 1 1
github.com/Mishamba/EPAM_GOLANG_COURSE/FifthTask/my_str_to_num/first_solution/myStrToNum.go:45.3,47.4 1 1
github.com/Mishamba/EPAM_GOLANG_COURSE/FifthTask/my_str_to_num/first_solution/myStrToNum.go:50.3,52.4 1 1
github.com/Mishamba/EPAM_GOLANG_COURSE/FifthTask/my_str_to_num/first_solution/myStrToNum.go:55.3,57.4 1 1
github.com/Mishamba/EPAM_GOLANG_COURSE/FifthTask/my_str_to_num/first_solution/myStrToNum.go:64.31,66.2 1 1
github.com/Mishamba/EPAM_GOLANG_COURSE/FifthTask/my_str_to_num/first_solution/myStrToNum.go:68.82,69.29 1 1
github.com/Mishamba/EPAM_GOLANG_COURSE/FifthTask/my_str_to_num/first_solution/myStrToNum.go:72.2,75.37 3 1
github.com/Mishamba/EPAM_GOLANG_COURSE/FifthTask/my_str_to_num/first_solution/myStrToNum.go:82.2,82.20 1 1
github.com/Mishamba/EPAM_GOLANG_COURSE/FifthTask/my_str_to_num/first_solution/myStrToNum.go:86.2,86.19 1 1
github.com/Mishamba/EPAM_GOLANG_COURSE/FifthTask/my_str_to_num/first_solution/myStrToNum.go:123.2,123.23 1 1
github.com/Mishamba/EPAM_GOLANG_COURSE/FifthTask/my_str_to_num/first_solution/myStrToNum.go:69.29,71.3 1 1
github.com/Mishamba/EPAM_GOLANG_COURSE/FifthTask/my_str_to_num/first_solution/myStrToNum.go:75.37,76.12 1 1
github.com/Mishamba/EPAM_GOLANG_COURSE/FifthTask/my_str_to_num/first_solution/myStrToNum.go:76.12,79.4 2 1
github.com/Mishamba/EPAM_GOLANG_COURSE/FifthTask/my_str_to_num/first_solution/myStrToNum.go:82.20,84.3 1 1
github.com/Mishamba/EPAM_GOLANG_COURSE/FifthTask/my_str_to_num/first_solution/myStrToNum.go:86.19,87.26 1 1
github.com/Mishamba/EPAM_GOLANG_COURSE/FifthTask/my_str_to_num/first_solution/myStrToNum.go:116.3,116.31 1 1
github.com/Mishamba/EPAM_GOLANG_COURSE/FifthTask/my_str_to_num/first_solution/myStrToNum.go:87.26,89.4 1 1
github.com/Mishamba/EPAM_GOLANG_COURSE/FifthTask/my_str_to_num/first_solution/myStrToNum.go:116.31,118.4 1 1
github.com/Mishamba/EPAM_GOLANG_COURSE/FifthTask/my_str_to_num/first_solution/myStrToNum.go:118.9,120.4 1 1
github.com/Mishamba/EPAM_GOLANG_COURSE/FifthTask/my_str_to_num/first_solution/myStrToNum.go:126.70,127.64 1 1
github.com/Mishamba/EPAM_GOLANG_COURSE/FifthTask/my_str_to_num/first_solution/myStrToNum.go:135.2,136.20 2 1
github.com/Mishamba/EPAM_GOLANG_COURSE/FifthTask/my_str_to_num/first_solution/myStrToNum.go:127.64,129.62 2 1
github.com/Mishamba/EPAM_GOLANG_COURSE/FifthTask/my_str_to_num/first_solution/myStrToNum.go:129.62,131.4 1 1
github.com/Mishamba/EPAM_GOLANG_COURSE/FifthTask/my_str_to_num/first_solution/myStrToNum.go:131.9,133.4 1 1
github.com/Mishamba/EPAM_GOLANG_COURSE/FifthTask/my_str_to_num/first_solution/myStrToNum.go:139.67,140.58 1 1
github.com/Mishamba/EPAM_GOLANG_COURSE/FifthTask/my_str_to_num/first_solution/myStrToNum.go:140.58,142.3 1 1
github.com/Mishamba/EPAM_GOLANG_COURSE/FifthTask/my_str_to_num/first_solution/myStrToNum.go:142.8,144.3 1 1
github.com/Mishamba/EPAM_GOLANG_COURSE/FifthTask/my_str_to_num/first_solution/myStrToNum.go:147.86,149.45 2 1
github.com/Mishamba/EPAM_GOLANG_COURSE/FifthTask/my_str_to_num/first_solution/myStrToNum.go:152.2,154.51 3 1
github.com/Mishamba/EPAM_GOLANG_COURSE/FifthTask/my_str_to_num/first_solution/myStrToNum.go:157.2,158.55 2 1
github.com/Mishamba/EPAM_GOLANG_COURSE/FifthTask/my_str_to_num/first_solution/myStrToNum.go:161.2,163.20 2 1
github.com/Mishamba/EPAM_GOLANG_COURSE/FifthTask/my_str_to_num/first_solution/myStrToNum.go:149.45,151.3 1 1
github.com/Mishamba/EPAM_GOLANG_COURSE/FifthTask/my_str_to_num/first_solution/myStrToNum.go:154.51,156.3 1 1
github.com/Mishamba/EPAM_GOLANG_COURSE/FifthTask/my_str_to_num/first_solution/myStrToNum.go:158.55,160.3 1 1
github.com/Mishamba/EPAM_GOLANG_COURSE/FifthTask/my_str_to_num/first_solution/myStrToNum.go:166.75,185.64 2 1
github.com/Mishamba/EPAM_GOLANG_COURSE/FifthTask/my_str_to_num/first_solution/myStrToNum.go:193.2,194.20 2 1
github.com/Mishamba/EPAM_GOLANG_COURSE/FifthTask/my_str_to_num/first_solution/myStrToNum.go:185.64,187.106 2 1
github.com/Mishamba/EPAM_GOLANG_COURSE/FifthTask/my_str_to_num/first_solution/myStrToNum.go:190.3,191.92 2 1
github.com/Mishamba/EPAM_GOLANG_COURSE/FifthTask/my_str_to_num/first_solution/myStrToNum.go:187.106,189.4 1 1
github.com/Mishamba/EPAM_GOLANG_COURSE/FifthTask/my_str_to_num/first_solution/myStrToNum.go:198.59,199.16 1 1
github.com/Mishamba/EPAM_GOLANG_COURSE/FifthTask/my_str_to_num/first_solution/myStrToNum.go:202.2,205.53 4 1
github.com/Mishamba/EPAM_GOLANG_COURSE/FifthTask/my_str_to_num/first_solution/myStrToNum.go:220.2,220.65 1 1
github.com/Mishamba/EPAM_GOLANG_COURSE/FifthTask/my_str_to_num/first_solution/myStrToNum.go:225.2,225.29 1 1
github.com/Mishamba/EPAM_GOLANG_COURSE/FifthTask/my_str_to_num/first_solution/myStrToNum.go:199.16,201.3 1 1
github.com/Mishamba/EPAM_GOLANG_COURSE/FifthTask/my_str_to_num/first_solution/myStrToNum.go:205.53,206.93 1 1
github.com/Mishamba/EPAM_GOLANG_COURSE/FifthTask/my_str_to_num/first_solution/myStrToNum.go:211.3,211.21 1 1
github.com/Mishamba/EPAM_GOLANG_COURSE/FifthTask/my_str_to_num/first_solution/myStrToNum.go:215.3,215.39 1 1
github.com/Mishamba/EPAM_GOLANG_COURSE/FifthTask/my_str_to_num/first_solution/myStrToNum.go:206.93,209.4 2 1
github.com/Mishamba/EPAM_GOLANG_COURSE/FifthTask/my_str_to_num/first_solution/myStrToNum.go:211.21,214.4 2 1
github.com/Mishamba/EPAM_GOLANG_COURSE/FifthTask/my_str_to_num/first_solution/myStrToNum.go:215.39,217.4 1 1
github.com/Mishamba/EPAM_GOLANG_COURSE/FifthTask/my_str_to_num/first_solution/myStrToNum.go:220.65,223.3 2 1
github.com/Mishamba/EPAM_GOLANG_COURSE/FifthTask/my_str_to_num/first_solution/myStrToNum.go:228.56,229.16 1 1
github.com/Mishamba/EPAM_GOLANG_COURSE/FifthTask/my_str_to_num/first_solution/myStrToNum.go:232.2,232.53 1 1
github.com/Mishamba/EPAM_GOLANG_COURSE/FifthTask/my_str_to_num/first_solution/myStrToNum.go:239.2,239.25 1 1
github.com/Mishamba/EPAM_GOLANG_COURSE/FifthTask/my_str_to_num/first_solution/myStrToNum.go:229.16,231.3 1 1
github.com/Mishamba/EPAM_GOLANG_COURSE/FifthTask/my_str_to_num/first_solution/myStrToNum.go:232.53,233.42 1 1
github.com/Mishamba/EPAM_GOLANG_COURSE/FifthTask/my_str_to_num/first_solution/myStrToNum.go:233.42,236.4 2 1
github.com/Mishamba/EPAM_GOLANG_COURSE/FifthTask/my_str_to_num/first_solution/myStrToNum.go:242.53,243.16 1 1
github.com/Mishamba/EPAM_GOLANG_COURSE/FifthTask/my_str_to_num/first_solution/myStrToNum.go:246.2,246.53 1 1
github.com/Mishamba/EPAM_GOLANG_COURSE/FifthTask/my_str_to_num/first_solution/myStrToNum.go:253.2,253.22 1 1
github.com/Mishamba/EPAM_GOLANG_COURSE/FifthTask/my_str_to_num/first_solution/myStrToNum.go:243.16,245.3 1 1
github.com/Mishamba/EPAM_GOLANG_COURSE/FifthTask/my_str_to_num/first_solution/myStrToNum.go:246.53,247.42 1 1
github.com/Mishamba/EPAM_GOLANG_COURSE/FifthTask/my_str_to_num/first_solution/myStrToNum.go:247.42,250.4 2 1
github.com/Mishamba/EPAM_GOLANG_COURSE/FifthTask/my_str_to_num/first_solution/myStrToNum.go:256.73,257.16 1 1
github.com/Mishamba/EPAM_GOLANG_COURSE/FifthTask/my_str_to_num/first_solution/myStrToNum.go:260.2,260.53 1 1
github.com/Mishamba/EPAM_GOLANG_COURSE/FifthTask/my_str_to_num/first_solution/myStrToNum.go:270.2,270.23 1 1
github.com/Mishamba/EPAM_GOLANG_COURSE/FifthTask/my_str_to_num/first_solution/myStrToNum.go:275.2,275.24 1 1
github.com/Mishamba/EPAM_GOLANG_COURSE/FifthTask/my_str_to_num/first_solution/myStrToNum.go:257.16,259.3 1 1
github.com/Mishamba/EPAM_GOLANG_COURSE/FifthTask/my_str_to_num/first_solution/myStrToNum.go:260.53,261.62 1 1
github.com/Mishamba/EPAM_GOLANG_COURSE/FifthTask/my_str_to_num/first_solution/myStrToNum.go:265.3,265.21 1 1
github.com/Mishamba/EPAM_GOLANG_COURSE/FifthTask/my_str_to_num/first_solution/myStrToNum.go:261.62,264.4 2 1
github.com/Mishamba/EPAM_GOLANG_COURSE/FifthTask/my_str_to_num/first_solution/myStrToNum.go:265.21,267.4 1 1
github.com/Mishamba/EPAM_GOLANG_COURSE/FifthTask/my_str_to_num/first_solution/myStrToNum.go:270.23,273.3 2 1
github.com/Mishamba/EPAM_GOLANG_COURSE/FifthTask/my_str_to_num/first_solution/myStrToNum.go:278.61,279.16 1 1
github.com/Mishamba/EPAM_GOLANG_COURSE/FifthTask/my_str_to_num/first_solution/myStrToNum.go:282.2,282.53 1 1
github.com/Mishamba/EPAM_GOLANG_COURSE/FifthTask/my_str_to_num/first_solution/myStrToNum.go:289.2,289.30 1 1
github.com/Mishamba/EPAM_GOLANG_COURSE/FifthTask/my_str_to_num/first_solution/myStrToNum.go:279.16,281.3 1 1
github.com/Mishamba/EPAM_GOLANG_COURSE/FifthTask/my_str_to_num/first_solution/myStrToNum.go:282.53,283.82 1 1
github.com/Mishamba/EPAM_GOLANG_COURSE/FifthTask/my_str_to_num/first_solution/myStrToNum.go:283.82,286.4 2 1
